#1 - 120 (error)
time python3 siParl_classla.py
2024-05-06 12:07:15 INFO: Loading these models for language: sl (Slovenian):
========================
| Processor | Package  |
------------------------
| tokenize  | standard |
| pos       | standard |
| lemma     | standard |
| depparse  | standard |
| ner       | standard |
========================

2024-05-06 12:07:15 INFO: Use device: cpu
2024-05-06 12:07:15 INFO: Loading: tokenize
2024-05-06 12:07:15 INFO: Loading: pos
2024-05-06 12:07:40 INFO: Loading: lemma
2024-05-06 12:08:10 INFO: Loading: depparse
2024-05-06 12:08:12 INFO: Loading: ner
2024-05-06 12:08:12 INFO: Done loading processors!
siParl/OZZ-011-Redna-2020-11-04.xml
Traceback (most recent call last):
  File "siParl_classla.py", line 138, in <module>
    generate_tei(seg_seq,seg)
  File "siParl_classla.py", line 59, in generate_tei
    while not isinstance(seq[seq_idx],str):
IndexError: list index out of range
Command exited with non-zero status 1
23280.83user 517.21system 17:14.21elapsed 2301%CPU (0avgtext+0avgdata 9505256maxresident)k
62872inputs+32outputs (1036major+32827079minor)pagefaults 0swaps
make: *** [Makefile:124: classla] Error 1

#41 - 65 (no error)
time python3 siParl_classla.py
2024-05-06 13:33:25 INFO: Loading these models for language: sl (Slovenian):
========================
| Processor | Package  |
------------------------
| tokenize  | standard |
| pos       | standard |
| lemma     | standard |
| depparse  | standard |
| ner       | standard |
========================

2024-05-06 13:33:25 INFO: Use device: cpu
2024-05-06 13:33:25 INFO: Loading: tokenize
2024-05-06 13:33:25 INFO: Loading: pos
2024-05-06 13:33:53 INFO: Loading: lemma
2024-05-06 13:34:22 INFO: Loading: depparse
2024-05-06 13:34:25 INFO: Loading: ner
2024-05-06 13:34:25 INFO: Done loading processors!
siParl/OZZ-011-Redna-2020-11-04.xml
1100.83user 90.99system 2:13.68elapsed 891%CPU (0avgtext+0avgdata 9500792maxresident)k
278688inputs+1472outputs (76major+11184174minor)pagefaults 0swaps


#66 - 101 (error)
time python3 siParl_classla.py
2024-05-06 13:42:50 INFO: Loading these models for language: sl (Slovenian):
========================
| Processor | Package  |
------------------------
| tokenize  | standard |
| pos       | standard |
| lemma     | standard |
| depparse  | standard |
| ner       | standard |
========================

2024-05-06 13:42:50 INFO: Use device: cpu
2024-05-06 13:42:50 INFO: Loading: tokenize
2024-05-06 13:42:50 INFO: Loading: pos
2024-05-06 13:43:15 INFO: Loading: lemma
2024-05-06 13:43:47 INFO: Loading: depparse
2024-05-06 13:43:49 INFO: Loading: ner
2024-05-06 13:43:49 INFO: Done loading processors!
siParl/OZZ-011-Redna-2020-11-04.xml
Traceback (most recent call last):
  File "siParl_classla.py", line 138, in <module>
    generate_tei(seg_seq,seg)
  File "siParl_classla.py", line 59, in generate_tei
    while not isinstance(seq[seq_idx],str):
IndexError: list index out of range
Command exited with non-zero status 1
1332.76user 134.61system 2:24.11elapsed 1018%CPU (0avgtext+0avgdata 9505096maxresident)k
13392inputs+16outputs (57major+14680449minor)pagefaults 0swaps
make: *** [Makefile:124: classla] Error 1



#66 - 87 (no error)
time python3 siParl_classla.py
2024-05-06 13:48:38 INFO: Loading these models for language: sl (Slovenian):
========================
| Processor | Package  |
------------------------
| tokenize  | standard |
| pos       | standard |
| lemma     | standard |
| depparse  | standard |
| ner       | standard |
========================

2024-05-06 13:48:38 INFO: Use device: cpu
2024-05-06 13:48:38 INFO: Loading: tokenize
2024-05-06 13:48:38 INFO: Loading: pos
2024-05-06 13:49:03 INFO: Loading: lemma
2024-05-06 13:49:30 INFO: Loading: depparse
2024-05-06 13:49:32 INFO: Loading: ner
2024-05-06 13:49:32 INFO: Done loading processors!
siParl/OZZ-011-Redna-2020-11-04.xml
1075.52user 121.18system 2:07.90elapsed 935%CPU (0avgtext+0avgdata 9504732maxresident)k
136inputs+1496outputs (1major+11960279minor)pagefaults 0swaps


#88 - 102 (error)
time python3 siParl_classla.py
2024-05-06 13:54:35 INFO: Loading these models for language: sl (Slovenian):
========================
| Processor | Package  |
------------------------
| tokenize  | standard |
| pos       | standard |
| lemma     | standard |
| depparse  | standard |
| ner       | standard |
========================

2024-05-06 13:54:35 INFO: Use device: cpu
2024-05-06 13:54:35 INFO: Loading: tokenize
2024-05-06 13:54:35 INFO: Loading: pos
2024-05-06 13:55:01 INFO: Loading: lemma
2024-05-06 13:55:33 INFO: Loading: depparse
2024-05-06 13:55:35 INFO: Loading: ner
2024-05-06 13:55:35 INFO: Done loading processors!
siParl/OZZ-011-Redna-2020-11-04.xml
Traceback (most recent call last):
  File "siParl_classla.py", line 138, in <module>
    generate_tei(seg_seq,seg)
  File "siParl_classla.py", line 59, in generate_tei
    while not isinstance(seq[seq_idx],str):
IndexError: list index out of range
Command exited with non-zero status 1
334.52user 59.14system 1:28.56elapsed 444%CPU (0avgtext+0avgdata 9503364maxresident)k
0inputs+16outputs (0major+11288247minor)pagefaults 0swaps
make: *** [Makefile:124: classla] Error 1


#91 - 102
time python3 siParl_classla.py
2024-05-06 14:00:45 INFO: Loading these models for language: sl (Slovenian):
========================
| Processor | Package  |
------------------------
| tokenize  | standard |
| pos       | standard |
| lemma     | standard |
| depparse  | standard |
| ner       | standard |
========================

2024-05-06 14:00:45 INFO: Use device: cpu
2024-05-06 14:00:45 INFO: Loading: tokenize
2024-05-06 14:00:45 INFO: Loading: pos
2024-05-06 14:01:13 INFO: Loading: lemma
2024-05-06 14:01:43 INFO: Loading: depparse
2024-05-06 14:01:45 INFO: Loading: ner
2024-05-06 14:01:45 INFO: Done loading processors!
siParl/OZZ-011-Redna-2020-11-04.xml
Traceback (most recent call last):
  File "siParl_classla.py", line 138, in <module>
    generate_tei(seg_seq,seg)
  File "siParl_classla.py", line 59, in generate_tei
    while not isinstance(seq[seq_idx],str):
IndexError: list index out of range
Command exited with non-zero status 1
288.76user 58.19system 1:27.02elapsed 398%CPU (0avgtext+0avgdata 9500152maxresident)k
0inputs+8outputs (0major+10490093minor)pagefaults 0swaps
make: *** [Makefile:124: classla] Error 1

time python3 siParl_classla.py
2024-05-06 14:03:58 INFO: Loading these models for language: sl (Slovenian):
========================
| Processor | Package  |
------------------------
| tokenize  | standard |
| pos       | standard |
| lemma     | standard |
| depparse  | standard |
| ner       | standard |
========================

2024-05-06 14:03:58 INFO: Use device: cpu
2024-05-06 14:03:58 INFO: Loading: tokenize
2024-05-06 14:03:58 INFO: Loading: pos
2024-05-06 14:04:24 INFO: Loading: lemma
2024-05-06 14:04:53 INFO: Loading: depparse
2024-05-06 14:04:55 INFO: Loading: ner
2024-05-06 14:04:55 INFO: Done loading processors!
siParl/OZZ-011-Redna-2020-11-04.xml
123.53user 29.21system 1:12.08elapsed 211%CPU (0avgtext+0avgdata 9505024maxresident)k
0inputs+72outputs (0major+9771995minor)pagefaults 0swaps

#92 - 96 (error)
time python3 siParl_classla.py
2024-05-06 14:10:01 INFO: Loading these models for language: sl (Slovenian):
========================
| Processor | Package  |
------------------------
| tokenize  | standard |
| pos       | standard |
| lemma     | standard |
| depparse  | standard |
| ner       | standard |
========================

2024-05-06 14:10:01 INFO: Use device: cpu
2024-05-06 14:10:01 INFO: Loading: tokenize
2024-05-06 14:10:01 INFO: Loading: pos
2024-05-06 14:10:25 INFO: Loading: lemma
2024-05-06 14:10:56 INFO: Loading: depparse
2024-05-06 14:10:58 INFO: Loading: ner
2024-05-06 14:10:58 INFO: Done loading processors!
siParl/OZZ-011-Redna-2020-11-04.xml
Traceback (most recent call last):
  File "siParl_classla.py", line 138, in <module>
    generate_tei(seg_seq,seg)
  File "siParl_classla.py", line 59, in generate_tei
    while not isinstance(seq[seq_idx],str):
IndexError: list index out of range
Command exited with non-zero status 1
443.87user 65.31system 1:28.85elapsed 573%CPU (0avgtext+0avgdata 9500156maxresident)k
0inputs+16outputs (0major+10729612minor)pagefaults 0swaps
make: *** [Makefile:124: classla] Error 1

#92 - 94 (no error)
time python3 siParl_classla.py
2024-05-06 14:12:44 INFO: Loading these models for language: sl (Slovenian):
========================
| Processor | Package  |
------------------------
| tokenize  | standard |
| pos       | standard |
| lemma     | standard |
| depparse  | standard |
| ner       | standard |
========================

2024-05-06 14:12:44 INFO: Use device: cpu
2024-05-06 14:12:44 INFO: Loading: tokenize
2024-05-06 14:12:44 INFO: Loading: pos
2024-05-06 14:13:08 INFO: Loading: lemma
2024-05-06 14:13:37 INFO: Loading: depparse
2024-05-06 14:13:39 INFO: Loading: ner
2024-05-06 14:13:39 INFO: Done loading processors!
siParl/OZZ-011-Redna-2020-11-04.xml
169.23user 37.17system 1:12.77elapsed 283%CPU (0avgtext+0avgdata 9499600maxresident)k
0inputs+224outputs (0major+9634480minor)pagefaults 0swaps

#95 (ERROR - PROBLEM FOUND: double --)!!!
time python3 siParl_classla.py
2024-05-06 14:18:30 INFO: Loading these models for language: sl (Slovenian):
========================
| Processor | Package  |
------------------------
| tokenize  | standard |
| pos       | standard |
| lemma     | standard |
| depparse  | standard |
| ner       | standard |
========================

2024-05-06 14:18:30 INFO: Use device: cpu
2024-05-06 14:18:30 INFO: Loading: tokenize
2024-05-06 14:18:30 INFO: Loading: pos
2024-05-06 14:18:56 INFO: Loading: lemma
2024-05-06 14:19:28 INFO: Loading: depparse
2024-05-06 14:19:29 INFO: Loading: ner
2024-05-06 14:19:30 INFO: Done loading processors!
siParl/OZZ-011-Redna-2020-11-04.xml
Traceback (most recent call last):
  File "siParl_classla.py", line 138, in <module>
    generate_tei(seg_seq,seg)
  File "siParl_classla.py", line 59, in generate_tei
    while not isinstance(seq[seq_idx],str):
IndexError: list index out of range
Command exited with non-zero status 1
187.76user 50.80system 1:18.89elapsed 302%CPU (0avgtext+0avgdata 9501284maxresident)k
0inputs+8outputs (0major+11046153minor)pagefaults 0swaps
make: *** [Makefile:124: classla] Error 1

#95 - recheck corrected
time python3 siParl_classla.py
2024-05-06 14:28:32 INFO: Loading these models for language: sl (Slovenian):
========================
| Processor | Package  |
------------------------
| tokenize  | standard |
| pos       | standard |
| lemma     | standard |
| depparse  | standard |
| ner       | standard |
========================

2024-05-06 14:28:32 INFO: Use device: cpu
2024-05-06 14:28:32 INFO: Loading: tokenize
2024-05-06 14:28:32 INFO: Loading: pos
2024-05-06 14:28:58 INFO: Loading: lemma
2024-05-06 14:29:30 INFO: Loading: depparse
2024-05-06 14:29:32 INFO: Loading: ner
2024-05-06 14:29:32 INFO: Done loading processors!
siParl/OZZ-011-Redna-2020-11-04.xml
259.10user 46.07system 1:22.65elapsed 369%CPU (0avgtext+0avgdata 9499992maxresident)k
1232inputs+168outputs (4major+9947228minor)pagefaults 0swaps
ls siParl4.0/S*/*.xml | parallel --gnu --halt 2 --jobs 20 'java -Xmx240g -jar /usr/share/java/saxon.jar meta=../siParl4.0/siParl.xml -xsl:Scripts/check-links.xsl {}'
